<?xml version="1.0" encoding="UTF-8"?>
<testExecutions version="1">
    <file path="C:\projetos\NodeSonarExample\src\index.test.js">
        <testCase name="Get Endpoints Get" duration="40"/>
    </file>
</testExecutions>